{"/Users/zhzhang/Documents/project/muggleProject/muggles-server/models/admin.js":{"path":"/Users/zhzhang/Documents/project/muggleProject/muggles-server/models/admin.js","s":{"1":1,"2":1,"3":1,"4":1},"b":{},"f":{},"fnMap":{},"statementMap":{"1":{"start":{"line":3,"column":0},"end":{"line":3,"column":35}},"2":{"start":{"line":4,"column":0},"end":{"line":4,"column":29}},"3":{"start":{"line":6,"column":0},"end":{"line":10,"column":3}},"4":{"start":{"line":12,"column":0},"end":{"line":12,"column":37}}},"branchMap":{}},"/Users/zhzhang/Documents/project/muggleProject/muggles-server/models/appraise.js":{"path":"/Users/zhzhang/Documents/project/muggleProject/muggles-server/models/appraise.js","s":{"1":1,"2":1,"3":1,"4":1},"b":{},"f":{},"fnMap":{},"statementMap":{"1":{"start":{"line":3,"column":0},"end":{"line":3,"column":35}},"2":{"start":{"line":4,"column":0},"end":{"line":4,"column":29}},"3":{"start":{"line":6,"column":0},"end":{"line":14,"column":3}},"4":{"start":{"line":16,"column":0},"end":{"line":16,"column":43}}},"branchMap":{}},"/Users/zhzhang/Documents/project/muggleProject/muggles-server/models/checkpoint.js":{"path":"/Users/zhzhang/Documents/project/muggleProject/muggles-server/models/checkpoint.js","s":{"1":1,"2":1,"3":1,"4":1},"b":{},"f":{},"fnMap":{},"statementMap":{"1":{"start":{"line":2,"column":0},"end":{"line":2,"column":35}},"2":{"start":{"line":3,"column":0},"end":{"line":3,"column":29}},"3":{"start":{"line":5,"column":0},"end":{"line":8,"column":3}},"4":{"start":{"line":10,"column":0},"end":{"line":10,"column":41}}},"branchMap":{}},"/Users/zhzhang/Documents/project/muggleProject/muggles-server/models/checkpoint_type.js":{"path":"/Users/zhzhang/Documents/project/muggleProject/muggles-server/models/checkpoint_type.js","s":{"1":1,"2":1,"3":1,"4":1},"b":{},"f":{},"fnMap":{},"statementMap":{"1":{"start":{"line":2,"column":0},"end":{"line":2,"column":35}},"2":{"start":{"line":3,"column":0},"end":{"line":3,"column":29}},"3":{"start":{"line":5,"column":0},"end":{"line":7,"column":3}},"4":{"start":{"line":9,"column":0},"end":{"line":9,"column":55}}},"branchMap":{}},"/Users/zhzhang/Documents/project/muggleProject/muggles-server/models/course.js":{"path":"/Users/zhzhang/Documents/project/muggleProject/muggles-server/models/course.js","s":{"1":1,"2":1,"3":1,"4":1},"b":{},"f":{},"fnMap":{},"statementMap":{"1":{"start":{"line":2,"column":0},"end":{"line":2,"column":35}},"2":{"start":{"line":4,"column":0},"end":{"line":4,"column":29}},"3":{"start":{"line":6,"column":0},"end":{"line":9,"column":3}},"4":{"start":{"line":11,"column":0},"end":{"line":11,"column":39}}},"branchMap":{}},"/Users/zhzhang/Documents/project/muggleProject/muggles-server/models/group.js":{"path":"/Users/zhzhang/Documents/project/muggleProject/muggles-server/models/group.js","s":{"1":1,"2":1,"3":1,"4":1},"b":{},"f":{},"fnMap":{},"statementMap":{"1":{"start":{"line":3,"column":0},"end":{"line":3,"column":35}},"2":{"start":{"line":4,"column":0},"end":{"line":4,"column":29}},"3":{"start":{"line":6,"column":0},"end":{"line":9,"column":3}},"4":{"start":{"line":11,"column":0},"end":{"line":11,"column":37}}},"branchMap":{}},"/Users/zhzhang/Documents/project/muggleProject/muggles-server/models/invitation-code.js":{"path":"/Users/zhzhang/Documents/project/muggleProject/muggles-server/models/invitation-code.js","s":{"1":1,"2":1,"3":1,"4":1},"b":{},"f":{},"fnMap":{},"statementMap":{"1":{"start":{"line":3,"column":0},"end":{"line":3,"column":35}},"2":{"start":{"line":5,"column":0},"end":{"line":5,"column":29}},"3":{"start":{"line":7,"column":0},"end":{"line":9,"column":3}},"4":{"start":{"line":11,"column":0},"end":{"line":11,"column":55}}},"branchMap":{}},"/Users/zhzhang/Documents/project/muggleProject/muggles-server/models/station.js":{"path":"/Users/zhzhang/Documents/project/muggleProject/muggles-server/models/station.js","s":{"1":1,"2":1,"3":1,"4":1},"b":{},"f":{},"fnMap":{},"statementMap":{"1":{"start":{"line":2,"column":0},"end":{"line":2,"column":35}},"2":{"start":{"line":4,"column":0},"end":{"line":4,"column":29}},"3":{"start":{"line":6,"column":0},"end":{"line":10,"column":3}},"4":{"start":{"line":12,"column":0},"end":{"line":12,"column":41}}},"branchMap":{}},"/Users/zhzhang/Documents/project/muggleProject/muggles-server/models/trainee.js":{"path":"/Users/zhzhang/Documents/project/muggleProject/muggles-server/models/trainee.js","s":{"1":1,"2":1,"3":1,"4":1},"b":{},"f":{},"fnMap":{},"statementMap":{"1":{"start":{"line":1,"column":0},"end":{"line":1,"column":35}},"2":{"start":{"line":2,"column":0},"end":{"line":2,"column":29}},"3":{"start":{"line":4,"column":0},"end":{"line":23,"column":3}},"4":{"start":{"line":25,"column":0},"end":{"line":25,"column":41}}},"branchMap":{}},"/Users/zhzhang/Documents/project/muggleProject/muggles-server/models/trainer.js":{"path":"/Users/zhzhang/Documents/project/muggleProject/muggles-server/models/trainer.js","s":{"1":1,"2":1,"3":1,"4":1},"b":{},"f":{},"fnMap":{},"statementMap":{"1":{"start":{"line":1,"column":0},"end":{"line":1,"column":35}},"2":{"start":{"line":2,"column":0},"end":{"line":2,"column":29}},"3":{"start":{"line":4,"column":0},"end":{"line":14,"column":3}},"4":{"start":{"line":16,"column":0},"end":{"line":16,"column":41}}},"branchMap":{}},"/Users/zhzhang/Documents/project/muggleProject/muggles-server/models/user.js":{"path":"/Users/zhzhang/Documents/project/muggleProject/muggles-server/models/user.js","s":{"1":1,"2":1,"3":1,"4":1},"b":{},"f":{},"fnMap":{},"statementMap":{"1":{"start":{"line":2,"column":0},"end":{"line":2,"column":35}},"2":{"start":{"line":3,"column":0},"end":{"line":3,"column":29}},"3":{"start":{"line":5,"column":0},"end":{"line":10,"column":3}},"4":{"start":{"line":12,"column":0},"end":{"line":12,"column":35}}},"branchMap":{}},"/Users/zhzhang/Documents/project/muggleProject/muggles-server/utils/date-util.js":{"path":"/Users/zhzhang/Documents/project/muggleProject/muggles-server/utils/date-util.js","s":{"1":1,"2":1,"3":1,"4":1,"5":1,"6":1,"7":1,"8":1,"9":1,"10":0,"11":0,"12":0,"13":0,"14":0,"15":1,"16":1},"b":{"1":[1,0],"2":[0,0],"3":[0,0]},"f":{"1":1},"fnMap":{"1":{"name":"(anonymous_1)","line":10,"loc":{"start":{"line":10,"column":18},"end":{"line":10,"column":37}}}},"statementMap":{"1":{"start":{"line":3,"column":0},"end":{"line":3,"column":31}},"2":{"start":{"line":5,"column":0},"end":{"line":5,"column":14}},"3":{"start":{"line":6,"column":0},"end":{"line":6,"column":15}},"4":{"start":{"line":7,"column":0},"end":{"line":7,"column":16}},"5":{"start":{"line":8,"column":0},"end":{"line":8,"column":23}},"6":{"start":{"line":10,"column":0},"end":{"line":27,"column":2}},"7":{"start":{"line":12,"column":2},"end":{"line":12,"column":13}},"8":{"start":{"line":13,"column":2},"end":{"line":25,"column":3}},"9":{"start":{"line":15,"column":4},"end":{"line":15,"column":66}},"10":{"start":{"line":16,"column":9},"end":{"line":25,"column":3}},"11":{"start":{"line":18,"column":4},"end":{"line":18,"column":57}},"12":{"start":{"line":19,"column":9},"end":{"line":25,"column":3}},"13":{"start":{"line":21,"column":4},"end":{"line":21,"column":63}},"14":{"start":{"line":24,"column":4},"end":{"line":24,"column":25}},"15":{"start":{"line":26,"column":2},"end":{"line":26,"column":16}},"16":{"start":{"line":29,"column":0},"end":{"line":31,"column":2}}},"branchMap":{"1":{"line":13,"type":"if","locations":[{"start":{"line":13,"column":2},"end":{"line":13,"column":2}},{"start":{"line":13,"column":2},"end":{"line":13,"column":2}}]},"2":{"line":16,"type":"if","locations":[{"start":{"line":16,"column":9},"end":{"line":16,"column":9}},{"start":{"line":16,"column":9},"end":{"line":16,"column":9}}]},"3":{"line":19,"type":"if","locations":[{"start":{"line":19,"column":9},"end":{"line":19,"column":9}},{"start":{"line":19,"column":9},"end":{"line":19,"column":9}}]}}},"/Users/zhzhang/Documents/project/muggleProject/muggles-server/controllers/invitation-codes.js":{"path":"/Users/zhzhang/Documents/project/muggleProject/muggles-server/controllers/invitation-codes.js","s":{"1":1,"2":1,"3":1,"4":1,"5":1,"6":1,"7":2,"8":2,"9":2,"10":1,"11":1,"12":0,"13":1},"b":{"1":[1,1]},"f":{"1":2,"2":2,"3":0},"fnMap":{"1":{"name":"(anonymous_1)","line":10,"loc":{"start":{"line":10,"column":32},"end":{"line":10,"column":58}}},"2":{"name":"(anonymous_2)","line":15,"loc":{"start":{"line":15,"column":10},"end":{"line":15,"column":32}}},"3":{"name":"(anonymous_3)","line":25,"loc":{"start":{"line":25,"column":14},"end":{"line":25,"column":29}}}},"statementMap":{"1":{"start":{"line":3,"column":0},"end":{"line":3,"column":26}},"2":{"start":{"line":4,"column":0},"end":{"line":4,"column":35}},"3":{"start":{"line":6,"column":0},"end":{"line":6,"column":54}},"4":{"start":{"line":7,"column":0},"end":{"line":7,"column":27}},"5":{"start":{"line":8,"column":0},"end":{"line":8,"column":25}},"6":{"start":{"line":10,"column":0},"end":{"line":28,"column":8}},"7":{"start":{"line":12,"column":2},"end":{"line":12,"column":35}},"8":{"start":{"line":13,"column":2},"end":{"line":28,"column":6}},"9":{"start":{"line":17,"column":6},"end":{"line":23,"column":7}},"10":{"start":{"line":19,"column":8},"end":{"line":19,"column":62}},"11":{"start":{"line":22,"column":8},"end":{"line":22,"column":71}},"12":{"start":{"line":27,"column":6},"end":{"line":27,"column":16}},"13":{"start":{"line":31,"column":0},"end":{"line":33,"column":2}}},"branchMap":{"1":{"line":17,"type":"if","locations":[{"start":{"line":17,"column":6},"end":{"line":17,"column":6}},{"start":{"line":17,"column":6},"end":{"line":17,"column":6}}]}}},"/Users/zhzhang/Documents/project/muggleProject/muggles-server/controllers/trainees.js":{"path":"/Users/zhzhang/Documents/project/muggleProject/muggles-server/controllers/trainees.js","s":{"1":1,"2":1,"3":1,"4":1,"5":1,"6":1,"7":1,"8":1,"9":1,"10":1,"11":1,"12":1,"13":1,"14":1,"15":1,"16":1,"17":1,"18":1,"19":0,"20":0,"21":0,"22":0,"23":0,"24":0,"25":1,"26":0,"27":0,"28":0,"29":0,"30":1,"31":0,"32":0,"33":0,"34":0,"35":0,"36":0,"37":0,"38":0,"39":0,"40":0,"41":0,"42":0,"43":0,"44":0,"45":1,"46":0,"47":0,"48":0,"49":0,"50":0,"51":0,"52":0,"53":0,"54":0,"55":0,"56":0,"57":0,"58":0,"59":0,"60":0,"61":0,"62":0,"63":1,"64":0,"65":0,"66":0,"67":0,"68":0,"69":0,"70":0,"71":0,"72":0,"73":0,"74":0,"75":0,"76":0,"77":1},"b":{"1":[0,0],"2":[0,0,0],"3":[0,0,0],"4":[0,0]},"f":{"1":1,"2":1,"3":1,"4":1,"5":1,"6":0,"7":0,"8":0,"9":0,"10":0,"11":0,"12":0,"13":0,"14":0,"15":0,"16":0,"17":0,"18":0,"19":0,"20":0,"21":0,"22":0,"23":0,"24":0,"25":0,"26":0,"27":0,"28":0},"fnMap":{"1":{"name":"(anonymous_1)","line":17,"loc":{"start":{"line":17,"column":24},"end":{"line":17,"column":50}}},"2":{"name":"(anonymous_2)","line":23,"loc":{"start":{"line":23,"column":10},"end":{"line":23,"column":29}}},"3":{"name":"(anonymous_3)","line":26,"loc":{"start":{"line":26,"column":10},"end":{"line":26,"column":29}}},"4":{"name":"(anonymous_4)","line":29,"loc":{"start":{"line":29,"column":10},"end":{"line":29,"column":29}}},"5":{"name":"(anonymous_5)","line":32,"loc":{"start":{"line":32,"column":14},"end":{"line":32,"column":29}}},"6":{"name":"(anonymous_6)","line":38,"loc":{"start":{"line":38,"column":30},"end":{"line":38,"column":56}}},"7":{"name":"(anonymous_7)","line":43,"loc":{"start":{"line":43,"column":10},"end":{"line":43,"column":29}}},"8":{"name":"(anonymous_8)","line":51,"loc":{"start":{"line":51,"column":14},"end":{"line":51,"column":29}}},"9":{"name":"(anonymous_9)","line":57,"loc":{"start":{"line":57,"column":21},"end":{"line":57,"column":47}}},"10":{"name":"(anonymous_10)","line":62,"loc":{"start":{"line":62,"column":10},"end":{"line":62,"column":29}}},"11":{"name":"(anonymous_11)","line":65,"loc":{"start":{"line":65,"column":14},"end":{"line":65,"column":29}}},"12":{"name":"(anonymous_12)","line":71,"loc":{"start":{"line":71,"column":22},"end":{"line":71,"column":47}}},"13":{"name":"(anonymous_13)","line":79,"loc":{"start":{"line":79,"column":10},"end":{"line":79,"column":28}}},"14":{"name":"(anonymous_14)","line":81,"loc":{"start":{"line":81,"column":39},"end":{"line":81,"column":58}}},"15":{"name":"(anonymous_15)","line":89,"loc":{"start":{"line":89,"column":10},"end":{"line":89,"column":29}}},"16":{"name":"(anonymous_16)","line":93,"loc":{"start":{"line":93,"column":10},"end":{"line":93,"column":29}}},"17":{"name":"(anonymous_17)","line":100,"loc":{"start":{"line":100,"column":14},"end":{"line":100,"column":28}}},"18":{"name":"(anonymous_18)","line":105,"loc":{"start":{"line":105,"column":19},"end":{"line":105,"column":44}}},"19":{"name":"(anonymous_19)","line":114,"loc":{"start":{"line":114,"column":10},"end":{"line":114,"column":28}}},"20":{"name":"(anonymous_20)","line":115,"loc":{"start":{"line":115,"column":39},"end":{"line":115,"column":58}}},"21":{"name":"(anonymous_21)","line":123,"loc":{"start":{"line":123,"column":10},"end":{"line":123,"column":28}}},"22":{"name":"(anonymous_22)","line":130,"loc":{"start":{"line":130,"column":16},"end":{"line":130,"column":36}}},"23":{"name":"(anonymous_23)","line":131,"loc":{"start":{"line":131,"column":41},"end":{"line":131,"column":65}}},"24":{"name":"(anonymous_24)","line":139,"loc":{"start":{"line":139,"column":14},"end":{"line":139,"column":29}}},"25":{"name":"(anonymous_25)","line":144,"loc":{"start":{"line":144,"column":20},"end":{"line":144,"column":46}}},"26":{"name":"(anonymous_26)","line":149,"loc":{"start":{"line":149,"column":19},"end":{"line":149,"column":38}}},"27":{"name":"(anonymous_27)","line":155,"loc":{"start":{"line":155,"column":12},"end":{"line":155,"column":32}}},"28":{"name":"(anonymous_28)","line":156,"loc":{"start":{"line":156,"column":45},"end":{"line":156,"column":69}}}},"statementMap":{"1":{"start":{"line":3,"column":0},"end":{"line":3,"column":26}},"2":{"start":{"line":4,"column":0},"end":{"line":4,"column":46}},"3":{"start":{"line":6,"column":0},"end":{"line":6,"column":35}},"4":{"start":{"line":7,"column":0},"end":{"line":7,"column":40}},"5":{"start":{"line":8,"column":0},"end":{"line":8,"column":42}},"6":{"start":{"line":9,"column":0},"end":{"line":9,"column":36}},"7":{"start":{"line":10,"column":0},"end":{"line":10,"column":40}},"8":{"start":{"line":12,"column":0},"end":{"line":12,"column":29}},"9":{"start":{"line":13,"column":0},"end":{"line":13,"column":30}},"10":{"start":{"line":14,"column":0},"end":{"line":14,"column":36}},"11":{"start":{"line":15,"column":0},"end":{"line":15,"column":35}},"12":{"start":{"line":17,"column":0},"end":{"line":36,"column":2}},"13":{"start":{"line":19,"column":2},"end":{"line":35,"column":6}},"14":{"start":{"line":24,"column":6},"end":{"line":24,"column":56}},"15":{"start":{"line":27,"column":6},"end":{"line":27,"column":61}},"16":{"start":{"line":30,"column":6},"end":{"line":30,"column":69}},"17":{"start":{"line":34,"column":6},"end":{"line":34,"column":16}},"18":{"start":{"line":38,"column":0},"end":{"line":55,"column":2}},"19":{"start":{"line":40,"column":2},"end":{"line":40,"column":31}},"20":{"start":{"line":41,"column":2},"end":{"line":54,"column":6}},"21":{"start":{"line":45,"column":6},"end":{"line":49,"column":7}},"22":{"start":{"line":46,"column":8},"end":{"line":46,"column":60}},"23":{"start":{"line":48,"column":8},"end":{"line":48,"column":61}},"24":{"start":{"line":53,"column":6},"end":{"line":53,"column":16}},"25":{"start":{"line":57,"column":0},"end":{"line":69,"column":2}},"26":{"start":{"line":59,"column":2},"end":{"line":59,"column":25}},"27":{"start":{"line":61,"column":2},"end":{"line":68,"column":6}},"28":{"start":{"line":63,"column":6},"end":{"line":63,"column":70}},"29":{"start":{"line":67,"column":6},"end":{"line":67,"column":16}},"30":{"start":{"line":71,"column":0},"end":{"line":103,"column":2}},"31":{"start":{"line":73,"column":2},"end":{"line":73,"column":33}},"32":{"start":{"line":74,"column":2},"end":{"line":74,"column":43}},"33":{"start":{"line":76,"column":2},"end":{"line":102,"column":7}},"34":{"start":{"line":81,"column":6},"end":{"line":87,"column":9}},"35":{"start":{"line":83,"column":8},"end":{"line":83,"column":108}},"36":{"start":{"line":84,"column":8},"end":{"line":84,"column":87}},"37":{"start":{"line":85,"column":8},"end":{"line":85,"column":73}},"38":{"start":{"line":86,"column":8},"end":{"line":86,"column":72}},"39":{"start":{"line":91,"column":6},"end":{"line":91,"column":51}},"40":{"start":{"line":95,"column":6},"end":{"line":95,"column":46}},"41":{"start":{"line":96,"column":6},"end":{"line":96,"column":50}},"42":{"start":{"line":97,"column":6},"end":{"line":97,"column":22}},"43":{"start":{"line":98,"column":6},"end":{"line":98,"column":61}},"44":{"start":{"line":101,"column":6},"end":{"line":101,"column":16}},"45":{"start":{"line":105,"column":0},"end":{"line":142,"column":2}},"46":{"start":{"line":107,"column":2},"end":{"line":107,"column":33}},"47":{"start":{"line":108,"column":2},"end":{"line":108,"column":34}},"48":{"start":{"line":110,"column":2},"end":{"line":110,"column":57}},"49":{"start":{"line":111,"column":2},"end":{"line":141,"column":7}},"50":{"start":{"line":115,"column":6},"end":{"line":121,"column":9}},"51":{"start":{"line":117,"column":8},"end":{"line":117,"column":108}},"52":{"start":{"line":118,"column":8},"end":{"line":118,"column":87}},"53":{"start":{"line":119,"column":8},"end":{"line":119,"column":73}},"54":{"start":{"line":120,"column":8},"end":{"line":120,"column":72}},"55":{"start":{"line":124,"column":6},"end":{"line":137,"column":7}},"56":{"start":{"line":126,"column":8},"end":{"line":126,"column":72}},"57":{"start":{"line":129,"column":8},"end":{"line":136,"column":13}},"58":{"start":{"line":131,"column":12},"end":{"line":135,"column":14}},"59":{"start":{"line":132,"column":14},"end":{"line":132,"column":51}},"60":{"start":{"line":133,"column":14},"end":{"line":133,"column":29}},"61":{"start":{"line":134,"column":14},"end":{"line":134,"column":83}},"62":{"start":{"line":140,"column":6},"end":{"line":140,"column":16}},"63":{"start":{"line":144,"column":0},"end":{"line":164,"column":2}},"64":{"start":{"line":145,"column":2},"end":{"line":145,"column":44}},"65":{"start":{"line":146,"column":2},"end":{"line":146,"column":56}},"66":{"start":{"line":147,"column":2},"end":{"line":147,"column":36}},"67":{"start":{"line":148,"column":2},"end":{"line":148,"column":35}},"68":{"start":{"line":149,"column":2},"end":{"line":162,"column":5}},"69":{"start":{"line":150,"column":4},"end":{"line":150,"column":53}},"70":{"start":{"line":151,"column":4},"end":{"line":151,"column":33}},"71":{"start":{"line":152,"column":4},"end":{"line":152,"column":43}},"72":{"start":{"line":154,"column":4},"end":{"line":161,"column":8}},"73":{"start":{"line":156,"column":8},"end":{"line":160,"column":10}},"74":{"start":{"line":158,"column":10},"end":{"line":158,"column":47}},"75":{"start":{"line":159,"column":10},"end":{"line":159,"column":25}},"76":{"start":{"line":163,"column":2},"end":{"line":163,"column":72}},"77":{"start":{"line":166,"column":0},"end":{"line":173,"column":2}}},"branchMap":{"1":{"line":45,"type":"if","locations":[{"start":{"line":45,"column":6},"end":{"line":45,"column":6}},{"start":{"line":45,"column":6},"end":{"line":45,"column":6}}]},"2":{"line":86,"type":"binary-expr","locations":[{"start":{"line":86,"column":15},"end":{"line":86,"column":30}},{"start":{"line":86,"column":34},"end":{"line":86,"column":51}},{"start":{"line":86,"column":55},"end":{"line":86,"column":71}}]},"3":{"line":120,"type":"binary-expr","locations":[{"start":{"line":120,"column":15},"end":{"line":120,"column":30}},{"start":{"line":120,"column":34},"end":{"line":120,"column":51}},{"start":{"line":120,"column":55},"end":{"line":120,"column":71}}]},"4":{"line":124,"type":"if","locations":[{"start":{"line":124,"column":6},"end":{"line":124,"column":6}},{"start":{"line":124,"column":6},"end":{"line":124,"column":6}}]}}}}