TN:
SF:/Users/zhzhang/Documents/project/muggleProject/muggles-server/models/admin.js
FNF:0
FNH:0
DA:3,1
DA:4,1
DA:6,1
DA:12,1
LF:4
LH:4
BRF:0
BRH:0
end_of_record
TN:
SF:/Users/zhzhang/Documents/project/muggleProject/muggles-server/models/appraise.js
FNF:0
FNH:0
DA:3,1
DA:4,1
DA:6,1
DA:16,1
LF:4
LH:4
BRF:0
BRH:0
end_of_record
TN:
SF:/Users/zhzhang/Documents/project/muggleProject/muggles-server/models/checkpoint.js
FNF:0
FNH:0
DA:2,1
DA:3,1
DA:5,1
DA:10,1
LF:4
LH:4
BRF:0
BRH:0
end_of_record
TN:
SF:/Users/zhzhang/Documents/project/muggleProject/muggles-server/models/checkpoint_type.js
FNF:0
FNH:0
DA:2,1
DA:3,1
DA:5,1
DA:9,1
LF:4
LH:4
BRF:0
BRH:0
end_of_record
TN:
SF:/Users/zhzhang/Documents/project/muggleProject/muggles-server/models/course.js
FNF:0
FNH:0
DA:2,1
DA:4,1
DA:6,1
DA:11,1
LF:4
LH:4
BRF:0
BRH:0
end_of_record
TN:
SF:/Users/zhzhang/Documents/project/muggleProject/muggles-server/models/group.js
FNF:0
FNH:0
DA:3,1
DA:4,1
DA:6,1
DA:11,1
LF:4
LH:4
BRF:0
BRH:0
end_of_record
TN:
SF:/Users/zhzhang/Documents/project/muggleProject/muggles-server/models/invitation-code.js
FNF:0
FNH:0
DA:3,1
DA:5,1
DA:7,1
DA:11,1
LF:4
LH:4
BRF:0
BRH:0
end_of_record
TN:
SF:/Users/zhzhang/Documents/project/muggleProject/muggles-server/models/station.js
FNF:0
FNH:0
DA:2,1
DA:4,1
DA:6,1
DA:12,1
LF:4
LH:4
BRF:0
BRH:0
end_of_record
TN:
SF:/Users/zhzhang/Documents/project/muggleProject/muggles-server/models/trainee.js
FNF:0
FNH:0
DA:1,1
DA:2,1
DA:4,1
DA:25,1
LF:4
LH:4
BRF:0
BRH:0
end_of_record
TN:
SF:/Users/zhzhang/Documents/project/muggleProject/muggles-server/models/trainer.js
FNF:0
FNH:0
DA:1,1
DA:2,1
DA:4,1
DA:16,1
LF:4
LH:4
BRF:0
BRH:0
end_of_record
TN:
SF:/Users/zhzhang/Documents/project/muggleProject/muggles-server/models/user.js
FNF:0
FNH:0
DA:2,1
DA:3,1
DA:5,1
DA:12,1
LF:4
LH:4
BRF:0
BRH:0
end_of_record
TN:
SF:/Users/zhzhang/Documents/project/muggleProject/muggles-server/utils/date-util.js
FN:10,(anonymous_1)
FNF:1
FNH:1
FNDA:1,(anonymous_1)
DA:3,1
DA:5,1
DA:6,1
DA:7,1
DA:8,1
DA:10,1
DA:12,1
DA:13,1
DA:15,1
DA:16,0
DA:18,0
DA:19,0
DA:21,0
DA:24,0
DA:26,1
DA:29,1
LF:16
LH:11
BRDA:13,1,0,1
BRDA:13,1,1,0
BRDA:16,2,0,0
BRDA:16,2,1,0
BRDA:19,3,0,0
BRDA:19,3,1,0
BRF:6
BRH:1
end_of_record
TN:
SF:/Users/zhzhang/Documents/project/muggleProject/muggles-server/controllers/invitation-codes.js
FN:10,(anonymous_1)
FN:15,(anonymous_2)
FN:25,(anonymous_3)
FNF:3
FNH:2
FNDA:2,(anonymous_1)
FNDA:2,(anonymous_2)
FNDA:0,(anonymous_3)
DA:3,1
DA:4,1
DA:6,1
DA:7,1
DA:8,1
DA:10,1
DA:12,2
DA:13,2
DA:17,2
DA:19,1
DA:22,1
DA:27,0
DA:31,1
LF:13
LH:12
BRDA:17,1,0,1
BRDA:17,1,1,1
BRF:2
BRH:2
end_of_record
TN:
SF:/Users/zhzhang/Documents/project/muggleProject/muggles-server/controllers/trainees.js
FN:17,(anonymous_1)
FN:23,(anonymous_2)
FN:26,(anonymous_3)
FN:29,(anonymous_4)
FN:32,(anonymous_5)
FN:38,(anonymous_6)
FN:43,(anonymous_7)
FN:51,(anonymous_8)
FN:57,(anonymous_9)
FN:62,(anonymous_10)
FN:65,(anonymous_11)
FN:71,(anonymous_12)
FN:79,(anonymous_13)
FN:81,(anonymous_14)
FN:89,(anonymous_15)
FN:93,(anonymous_16)
FN:100,(anonymous_17)
FN:105,(anonymous_18)
FN:114,(anonymous_19)
FN:115,(anonymous_20)
FN:123,(anonymous_21)
FN:130,(anonymous_22)
FN:131,(anonymous_23)
FN:139,(anonymous_24)
FN:144,(anonymous_25)
FN:149,(anonymous_26)
FN:155,(anonymous_27)
FN:156,(anonymous_28)
FNF:28
FNH:5
FNDA:1,(anonymous_1)
FNDA:1,(anonymous_2)
FNDA:1,(anonymous_3)
FNDA:1,(anonymous_4)
FNDA:1,(anonymous_5)
FNDA:0,(anonymous_6)
FNDA:0,(anonymous_7)
FNDA:0,(anonymous_8)
FNDA:0,(anonymous_9)
FNDA:0,(anonymous_10)
FNDA:0,(anonymous_11)
FNDA:0,(anonymous_12)
FNDA:0,(anonymous_13)
FNDA:0,(anonymous_14)
FNDA:0,(anonymous_15)
FNDA:0,(anonymous_16)
FNDA:0,(anonymous_17)
FNDA:0,(anonymous_18)
FNDA:0,(anonymous_19)
FNDA:0,(anonymous_20)
FNDA:0,(anonymous_21)
FNDA:0,(anonymous_22)
FNDA:0,(anonymous_23)
FNDA:0,(anonymous_24)
FNDA:0,(anonymous_25)
FNDA:0,(anonymous_26)
FNDA:0,(anonymous_27)
FNDA:0,(anonymous_28)
DA:3,1
DA:4,1
DA:6,1
DA:7,1
DA:8,1
DA:9,1
DA:10,1
DA:12,1
DA:13,1
DA:14,1
DA:15,1
DA:17,1
DA:19,1
DA:24,1
DA:27,1
DA:30,1
DA:34,1
DA:38,1
DA:40,0
DA:41,0
DA:45,0
DA:46,0
DA:48,0
DA:53,0
DA:57,1
DA:59,0
DA:61,0
DA:63,0
DA:67,0
DA:71,1
DA:73,0
DA:74,0
DA:76,0
DA:81,0
DA:83,0
DA:84,0
DA:85,0
DA:86,0
DA:91,0
DA:95,0
DA:96,0
DA:97,0
DA:98,0
DA:101,0
DA:105,1
DA:107,0
DA:108,0
DA:110,0
DA:111,0
DA:115,0
DA:117,0
DA:118,0
DA:119,0
DA:120,0
DA:124,0
DA:126,0
DA:129,0
DA:131,0
DA:132,0
DA:133,0
DA:134,0
DA:140,0
DA:144,1
DA:145,0
DA:146,0
DA:147,0
DA:148,0
DA:149,0
DA:150,0
DA:151,0
DA:152,0
DA:154,0
DA:156,0
DA:158,0
DA:159,0
DA:163,0
DA:166,1
LF:77
LH:23
BRDA:45,1,0,0
BRDA:45,1,1,0
BRDA:86,2,0,0
BRDA:86,2,1,0
BRDA:86,2,2,0
BRDA:120,3,0,0
BRDA:120,3,1,0
BRDA:120,3,2,0
BRDA:124,4,0,0
BRDA:124,4,1,0
BRF:10
BRH:0
end_of_record
